This file contains any messages produced by compilers while
running configure, to aid debugging if configure makes a mistake.

It was created by adolc configure 2.7.0-trunk, which was
generated by GNU Autoconf 2.71.  Invocation command line was

  $ ./configure

## --------- ##
## Platform. ##
## --------- ##

hostname = HAOYUNZHU-MB0
uname -m = x86_64
uname -r = 21.5.0
uname -s = Darwin
uname -v = Darwin Kernel Version 21.5.0: Mon Mar 28 19:53:00 PDT 2022; root:xnu-8020.120.43.111.1~1/RELEASE_X86_64

/usr/bin/uname -p = i386
/bin/uname -X     = unknown

/bin/arch              = unknown
/usr/bin/arch -k       = unknown
/usr/convex/getsysinfo = unknown
/usr/bin/hostinfo      = Mach kernel version:
	 Darwin Kernel Version 21.5.0: Mon Mar 28 19:53:00 PDT 2022; root:xnu-8020.120.43.111.1~1/RELEASE_X86_64
Kernel configured for up to 16 processors.
8 processors are physically available.
16 processors are logically available.
Processor type: x86_64h (Intel x86-64h Haswell)
Processors active: 0 1 2 3 4 5 6 7 8 9 10 11 12 13 14 15
Primary memory available: 16.00 gigabytes
Default processor set: 678 tasks, 2918 threads, 16 processors
Load average: 2.71, Mach factor: 13.28
/bin/machine           = unknown
/usr/bin/oslevel       = unknown
/bin/universe          = unknown

PATH: /Users/elvinzhu/.rbenv/shims/
PATH: /Users/elvinzhu/.gem/ruby/3.0.0/bin/
PATH: /Users/elvinzhu/anaconda3/bin/
PATH: /Users/elvinzhu/anaconda3/condabin/
PATH: /Library/Frameworks/Python.framework/Versions/2.7/bin/
PATH: /usr/local/bin/
PATH: /usr/bin/
PATH: /bin/
PATH: /usr/sbin/
PATH: /sbin/
PATH: /usr/local/share/dotnet/
PATH: ~/.dotnet/tools/
PATH: /Library/Apple/usr/bin/
PATH: /Library/Frameworks/Mono.framework/Versions/Current/Commands/
PATH: /Users/elvinzhu/.rvm/bin/


## ----------- ##
## Core tests. ##
## ----------- ##

configure:3238: looking for aux files: config.guess config.sub ltmain.sh compile missing install-sh
configure:3251:  trying ./autoconf/
configure:3280:   ./autoconf/config.guess found
configure:3280:   ./autoconf/config.sub found
configure:3280:   ./autoconf/ltmain.sh found
configure:3280:   ./autoconf/compile found
configure:3280:   ./autoconf/missing found
configure:3262:   ./autoconf/install-sh found
configure:3417: checking for a BSD-compatible install
configure:3490: result: /usr/local/bin/ginstall -c
configure:3501: checking whether build environment is sane
configure:3556: result: yes
configure:3715: checking for a race-free mkdir -p
configure:3759: result: /usr/local/bin/gmkdir -p
configure:3766: checking for gawk
configure:3801: result: no
configure:3766: checking for mawk
configure:3801: result: no
configure:3766: checking for nawk
configure:3801: result: no
configure:3766: checking for awk
configure:3787: found /usr/bin/awk
configure:3798: result: awk
configure:3809: checking whether make sets $(MAKE)
configure:3832: result: yes
configure:3862: checking whether make supports nested variables
configure:3880: result: yes
configure:4028: checking whether make supports nested variables
configure:4046: result: yes
configure:4090: checking whether to build ADOL-C with adjoinable MPI (AMPI) support
configure:4100: result: no
configure:4116: checking whether to build ADOL-C with MeDiPack (MPI) support
configure:4126: result: no
configure:4213: checking for g++
configure:4234: found /usr/bin/g++
configure:4245: result: g++
configure:4272: checking for C++ compiler version
configure:4281: g++ --version >&5
Apple clang version 13.1.6 (clang-1316.0.21.2.3)
Target: x86_64-apple-darwin21.5.0
Thread model: posix
InstalledDir: /Applications/Xcode.app/Contents/Developer/Toolchains/XcodeDefault.xctoolchain/usr/bin
configure:4292: $? = 0
configure:4281: g++ -v >&5
Apple clang version 13.1.6 (clang-1316.0.21.2.3)
Target: x86_64-apple-darwin21.5.0
Thread model: posix
InstalledDir: /Applications/Xcode.app/Contents/Developer/Toolchains/XcodeDefault.xctoolchain/usr/bin
configure:4292: $? = 0
configure:4281: g++ -V >&5
clang: error: argument to '-V' is missing (expected 1 value)
clang: error: no input files
configure:4292: $? = 1
configure:4281: g++ -qversion >&5
clang: error: unknown argument '-qversion'; did you mean '--version'?
clang: error: no input files
configure:4292: $? = 1
configure:4312: checking whether the C++ compiler works
configure:4334: g++    conftest.cpp  >&5
configure:4338: $? = 0
configure:4388: result: yes
configure:4391: checking for C++ compiler default output file name
configure:4393: result: a.out
configure:4399: checking for suffix of executables
configure:4406: g++ -o conftest    conftest.cpp  >&5
configure:4410: $? = 0
configure:4433: result: 
configure:4455: checking whether we are cross compiling
configure:4463: g++ -o conftest    conftest.cpp  >&5
configure:4467: $? = 0
configure:4474: ./conftest
configure:4478: $? = 0
configure:4493: result: no
configure:4498: checking for suffix of object files
configure:4521: g++ -c   conftest.cpp >&5
configure:4525: $? = 0
configure:4547: result: o
configure:4551: checking whether the compiler supports GNU C++
configure:4571: g++ -c   conftest.cpp >&5
configure:4571: $? = 0
configure:4581: result: yes
configure:4592: checking whether g++ accepts -g
configure:4613: g++ -c -g  conftest.cpp >&5
configure:4613: $? = 0
configure:4657: result: yes
configure:4677: checking for g++ option to enable C++11 features
configure:4692: g++  -c -g -O2  conftest.cpp >&5
conftest.cpp:57:3: error: "Compiler does not advertise C++11 conformance"
# error "Compiler does not advertise C++11 conformance"
  ^
conftest.cpp:62:3: error: unknown type name 'constexpr'
  constexpr int get_val() { return 20; }
  ^
conftest.cpp:74:17: error: delegating constructors are permitted only in C++11
    delegate(): delegate(2354) {}
                ^~~~~~~~
conftest.cpp:85:26: warning: 'override' keyword is a C++11 extension [-Wc++11-extensions]
    virtual int getval() override final { return this->n * 2; }
                         ^
conftest.cpp:85:35: warning: 'final' keyword is a C++11 extension [-Wc++11-extensions]
    virtual int getval() override final { return this->n * 2; }
                                  ^
conftest.cpp:92:16: warning: defaulted function definitions are a C++11 extension [-Wc++11-extensions]
    nocopy() = default;
               ^
conftest.cpp:93:29: warning: deleted function definitions are a C++11 extension [-Wc++11-extensions]
    nocopy(const nocopy&) = delete;
                            ^
conftest.cpp:94:41: warning: deleted function definitions are a C++11 extension [-Wc++11-extensions]
    nocopy & operator=(const nocopy&) = delete;
                                        ^
conftest.cpp:106:25: warning: 'auto' type specifier is a C++11 extension [-Wc++11-extensions]
  template <typename V> auto sum(V first) -> V
                        ^
conftest.cpp:106:25: error: 'auto' not allowed in function return type
  template <typename V> auto sum(V first) -> V
                        ^~~~
conftest.cpp:106:42: error: expected ';' at end of declaration
  template <typename V> auto sum(V first) -> V
                                         ^
                                         ;
conftest.cpp:106:43: error: cannot use arrow operator on a type
  template <typename V> auto sum(V first) -> V
                                          ^
conftest.cpp:110:33: warning: variadic templates are a C++11 extension [-Wc++11-extensions]
  template <typename V, typename... Args> auto sum(V first, Args... rest) -> V
                                ^
conftest.cpp:110:43: warning: 'auto' type specifier is a C++11 extension [-Wc++11-extensions]
  template <typename V, typename... Args> auto sum(V first, Args... rest) -> V
                                          ^
conftest.cpp:110:43: error: 'auto' not allowed in function return type
  template <typename V, typename... Args> auto sum(V first, Args... rest) -> V
                                          ^~~~
conftest.cpp:110:74: error: expected ';' at end of declaration
  template <typename V, typename... Args> auto sum(V first, Args... rest) -> V
                                                                         ^
                                                                         ;
conftest.cpp:110:75: error: cannot use arrow operator on a type
  template <typename V, typename... Args> auto sum(V first, Args... rest) -> V
                                                                          ^
conftest.cpp:134:3: warning: 'auto' type specifier is a C++11 extension [-Wc++11-extensions]
  auto a1 = 6538;
  ^
conftest.cpp:135:3: warning: 'auto' type specifier is a C++11 extension [-Wc++11-extensions]
  auto a2 = 48573953.4;
  ^
conftest.cpp:136:3: warning: 'auto' type specifier is a C++11 extension [-Wc++11-extensions]
  auto a3 = "String literal";
  ^
conftest.cpp:139:8: warning: 'auto' type specifier is a C++11 extension [-Wc++11-extensions]
  for (auto i = a3; *i; ++i) { total += *i; }
       ^
conftest.cpp:155:8: warning: 'auto' type specifier is a C++11 extension [-Wc++11-extensions]
  for (auto &x : array) { x += 23; }
       ^
conftest.cpp:155:16: warning: range-based for loop is a C++11 extension [-Wc++11-extensions]
  for (auto &x : array) { x += 23; }
               ^
conftest.cpp:160:17: error: expected expression
  assert (eval ([](int x) { return x*2; }, 21) == 42);
                ^
conftest.cpp:162:17: error: expected expression
  assert (eval ([&](double x) { return d += x; }, 3.0) == 5.0);
                ^
conftest.cpp:164:17: error: expected expression
  assert (eval ([=](double x) mutable { return d += x; }, 4.0) == 9.0);
                ^
conftest.cpp:170:3: warning: 'auto' type specifier is a C++11 extension [-Wc++11-extensions]
  auto a = sum(1);
  ^
conftest.cpp:170:12: error: no matching function for call to 'sum'
  auto a = sum(1);
           ^~~
conftest.cpp:171:3: warning: 'auto' type specifier is a C++11 extension [-Wc++11-extensions]
  auto b = sum(1, 2);
  ^
conftest.cpp:171:12: error: no matching function for call to 'sum'
  auto b = sum(1, 2);
           ^~~
conftest.cpp:172:3: warning: 'auto' type specifier is a C++11 extension [-Wc++11-extensions]
  auto c = sum(1.0, 2.0, 3.0);
  ^
conftest.cpp:172:12: error: no matching function for call to 'sum'
  auto c = sum(1.0, 2.0, 3.0);
           ^~~
conftest.cpp:177:25: warning: empty parentheses interpreted as a function declaration [-Wvexing-parse]
  cxx11test::delegate d2();
                        ^~
conftest.cpp:177:25: note: remove parentheses to declare a variable
  cxx11test::delegate d2();
                        ^~
conftest.cpp:190:16: error: found '<::' after a template name which forms the digraph '<:' (aka '[') and a ':', did you mean '< ::'?
  test_template<::test_template<int>> v(test_template<int>(12));
               ^~~
               < ::
conftest.cpp:190:36: error: a space is required between consecutive right angle brackets (use '> >')
  test_template<::test_template<int>> v(test_template<int>(12));
                                   ^~
                                   > >
conftest.cpp:194:22: error: use of undeclared identifier 'u8'
  char const *utf8 = u8"UTF-8 string \u2500";
                     ^
conftest.cpp:194:24: error: expected ';' at end of declaration
  char const *utf8 = u8"UTF-8 string \u2500";
                       ^
                       ;
fatal error: too many errors emitted, stopping now [-ferror-limit=]
18 warnings and 20 errors generated.
configure:4692: $? = 1
configure: failed program was:
| /* confdefs.h */
| #define PACKAGE_NAME "adolc"
| #define PACKAGE_TARNAME "adolc"
| #define PACKAGE_VERSION "2.7.0-trunk"
| #define PACKAGE_STRING "adolc 2.7.0-trunk"
| #define PACKAGE_BUGREPORT "adol-c@list.coin-or.org"
| #define PACKAGE_URL ""
| #define PACKAGE "adolc"
| #define VERSION "2.7.0-trunk"
| /* end confdefs.h.  */
| 
| // Does the compiler advertise C++98 conformance?
| #if !defined __cplusplus || __cplusplus < 199711L
| # error "Compiler does not advertise C++98 conformance"
| #endif
| 
| // These inclusions are to reject old compilers that
| // lack the unsuffixed header files.
| #include <cstdlib>
| #include <exception>
| 
| // <cassert> and <cstring> are *not* freestanding headers in C++98.
| extern void assert (int);
| namespace std {
|   extern int strcmp (const char *, const char *);
| }
| 
| // Namespaces, exceptions, and templates were all added after "C++ 2.0".
| using std::exception;
| using std::strcmp;
| 
| namespace {
| 
| void test_exception_syntax()
| {
|   try {
|     throw "test";
|   } catch (const char *s) {
|     // Extra parentheses suppress a warning when building autoconf itself,
|     // due to lint rules shared with more typical C programs.
|     assert (!(strcmp) (s, "test"));
|   }
| }
| 
| template <typename T> struct test_template
| {
|   T const val;
|   explicit test_template(T t) : val(t) {}
|   template <typename U> T add(U u) { return static_cast<T>(u) + val; }
| };
| 
| } // anonymous namespace
| 
| 
| // Does the compiler advertise C++ 2011 conformance?
| #if !defined __cplusplus || __cplusplus < 201103L
| # error "Compiler does not advertise C++11 conformance"
| #endif
| 
| namespace cxx11test
| {
|   constexpr int get_val() { return 20; }
| 
|   struct testinit
|   {
|     int i;
|     double d;
|   };
| 
|   class delegate
|   {
|   public:
|     delegate(int n) : n(n) {}
|     delegate(): delegate(2354) {}
| 
|     virtual int getval() { return this->n; };
|   protected:
|     int n;
|   };
| 
|   class overridden : public delegate
|   {
|   public:
|     overridden(int n): delegate(n) {}
|     virtual int getval() override final { return this->n * 2; }
|   };
| 
|   class nocopy
|   {
|   public:
|     nocopy(int i): i(i) {}
|     nocopy() = default;
|     nocopy(const nocopy&) = delete;
|     nocopy & operator=(const nocopy&) = delete;
|   private:
|     int i;
|   };
| 
|   // for testing lambda expressions
|   template <typename Ret, typename Fn> Ret eval(Fn f, Ret v)
|   {
|     return f(v);
|   }
| 
|   // for testing variadic templates and trailing return types
|   template <typename V> auto sum(V first) -> V
|   {
|     return first;
|   }
|   template <typename V, typename... Args> auto sum(V first, Args... rest) -> V
|   {
|     return first + sum(rest...);
|   }
| }
| 
| 
| int
| main (int argc, char **argv)
| {
|   int ok = 0;
|   
|   assert (argc);
|   assert (! argv[0]);
| {
|   test_exception_syntax ();
|   test_template<double> tt (2.0);
|   assert (tt.add (4) == 6.0);
|   assert (true && !false);
| }
| 
|   
| {
|   // Test auto and decltype
|   auto a1 = 6538;
|   auto a2 = 48573953.4;
|   auto a3 = "String literal";
| 
|   int total = 0;
|   for (auto i = a3; *i; ++i) { total += *i; }
| 
|   decltype(a2) a4 = 34895.034;
| }
| {
|   // Test constexpr
|   short sa[cxx11test::get_val()] = { 0 };
| }
| {
|   // Test initializer lists
|   cxx11test::testinit il = { 4323, 435234.23544 };
| }
| {
|   // Test range-based for
|   int array[] = {9, 7, 13, 15, 4, 18, 12, 10, 5, 3,
|                  14, 19, 17, 8, 6, 20, 16, 2, 11, 1};
|   for (auto &x : array) { x += 23; }
| }
| {
|   // Test lambda expressions
|   using cxx11test::eval;
|   assert (eval ([](int x) { return x*2; }, 21) == 42);
|   double d = 2.0;
|   assert (eval ([&](double x) { return d += x; }, 3.0) == 5.0);
|   assert (d == 5.0);
|   assert (eval ([=](double x) mutable { return d += x; }, 4.0) == 9.0);
|   assert (d == 5.0);
| }
| {
|   // Test use of variadic templates
|   using cxx11test::sum;
|   auto a = sum(1);
|   auto b = sum(1, 2);
|   auto c = sum(1.0, 2.0, 3.0);
| }
| {
|   // Test constructor delegation
|   cxx11test::delegate d1;
|   cxx11test::delegate d2();
|   cxx11test::delegate d3(45);
| }
| {
|   // Test override and final
|   cxx11test::overridden o1(55464);
| }
| {
|   // Test nullptr
|   char *c = nullptr;
| }
| {
|   // Test template brackets
|   test_template<::test_template<int>> v(test_template<int>(12));
| }
| {
|   // Unicode literals
|   char const *utf8 = u8"UTF-8 string \u2500";
|   char16_t const *utf16 = u"UTF-8 string \u2500";
|   char32_t const *utf32 = U"UTF-32 string \u2500";
| }
| 
|   return ok;
| }
| 
configure:4710: result: none needed
configure:4777: checking whether make supports the include directive
configure:4792: make -f confmf.GNU && cat confinc.out
this is the am__doit target
configure:4795: $? = 0
configure:4814: result: yes (GNU style)
configure:4840: checking dependency style of g++
configure:4952: result: gcc3
configure:4975: checking whether g++ supports C++11 features by default
configure:5002: g++ -c -g -O2  conftest.cpp >&5
conftest.cpp:15:21: error: expected parameter declarator
      static_assert(sizeof(int) <= sizeof(T), "not big enough");
                    ^
conftest.cpp:15:21: error: expected ')'
conftest.cpp:15:20: note: to match this '('
      static_assert(sizeof(int) <= sizeof(T), "not big enough");
                   ^
conftest.cpp:15:7: error: C++ requires a type specifier for all declarations
      static_assert(sizeof(int) <= sizeof(T), "not big enough");
      ^
conftest.cpp:18:29: error: a space is required between consecutive right angle brackets (use '> >')
    typedef check<check<bool>> right_angle_brackets;
                            ^~
                            > >
conftest.cpp:21:5: error: unknown type name 'decltype'
    decltype(a) b;
    ^
conftest.cpp:21:16: error: expected ';' after top level declarator
    decltype(a) b;
               ^
               ;
conftest.cpp:25:15: warning: rvalue references are a C++11 extension [-Wc++11-extensions]
    check_type&& cr = static_cast<check_type&&>(c);
              ^
conftest.cpp:25:45: warning: rvalue references are a C++11 extension [-Wc++11-extensions]
    check_type&& cr = static_cast<check_type&&>(c);
                                            ^
conftest.cpp:27:5: warning: 'auto' type specifier is a C++11 extension [-Wc++11-extensions]
    auto d = a;
    ^
3 warnings and 6 errors generated.
configure:5002: $? = 1
configure: failed program was:
| /* confdefs.h */
| #define PACKAGE_NAME "adolc"
| #define PACKAGE_TARNAME "adolc"
| #define PACKAGE_VERSION "2.7.0-trunk"
| #define PACKAGE_STRING "adolc 2.7.0-trunk"
| #define PACKAGE_BUGREPORT "adol-c@list.coin-or.org"
| #define PACKAGE_URL ""
| #define PACKAGE "adolc"
| #define VERSION "2.7.0-trunk"
| /* end confdefs.h.  */
| 
|   template <typename T>
|     struct check
|     {
|       static_assert(sizeof(int) <= sizeof(T), "not big enough");
|     };
| 
|     typedef check<check<bool>> right_angle_brackets;
| 
|     int a;
|     decltype(a) b;
| 
|     typedef check<int> check_type;
|     check_type c;
|     check_type&& cr = static_cast<check_type&&>(c);
| 
|     auto d = a;
| 
configure:5010: result: no
configure:5021: checking whether g++ supports C++11 features with -std=c++11
configure:5050: g++ -c -g -O2 -std=c++11  conftest.cpp >&5
configure:5050: $? = 0
configure:5060: result: yes
configure:5156: checking for gcc
configure:5177: found /usr/bin/gcc
configure:5188: result: gcc
configure:5541: checking for C compiler version
configure:5550: gcc --version >&5
Apple clang version 13.1.6 (clang-1316.0.21.2.3)
Target: x86_64-apple-darwin21.5.0
Thread model: posix
InstalledDir: /Applications/Xcode.app/Contents/Developer/Toolchains/XcodeDefault.xctoolchain/usr/bin
configure:5561: $? = 0
configure:5550: gcc -v >&5
Apple clang version 13.1.6 (clang-1316.0.21.2.3)
Target: x86_64-apple-darwin21.5.0
Thread model: posix
InstalledDir: /Applications/Xcode.app/Contents/Developer/Toolchains/XcodeDefault.xctoolchain/usr/bin
configure:5561: $? = 0
configure:5550: gcc -V >&5
clang: error: argument to '-V' is missing (expected 1 value)
clang: error: no input files
configure:5561: $? = 1
configure:5550: gcc -qversion >&5
clang: error: unknown argument '-qversion'; did you mean '--version'?
clang: error: no input files
configure:5561: $? = 1
configure:5550: gcc -version >&5
clang: error: unknown argument '-version'; did you mean '--version'?
clang: error: no input files
configure:5561: $? = 1
configure:5565: checking whether the compiler supports GNU C
configure:5585: gcc -c   conftest.c >&5
configure:5585: $? = 0
configure:5595: result: yes
configure:5606: checking whether gcc accepts -g
configure:5627: gcc -c -g  conftest.c >&5
configure:5627: $? = 0
configure:5671: result: yes
configure:5691: checking for gcc option to enable C11 features
configure:5706: gcc  -c -g -O2  conftest.c >&5
configure:5706: $? = 0
configure:5724: result: none needed
configure:5840: checking whether gcc understands -c and -o together
configure:5863: gcc -c conftest.c -o conftest2.o
configure:5866: $? = 0
configure:5863: gcc -c conftest.c -o conftest2.o
configure:5866: $? = 0
configure:5878: result: yes
configure:5897: checking dependency style of gcc
configure:6009: result: gcc3
configure:6025: checking whether gcc and cc understand -c and -o together
configure:6057: gcc -c conftest.c -o conftest2.o >&5
configure:6061: $? = 0
configure:6067: gcc -c conftest.c -o conftest2.o >&5
configure:6071: $? = 0
configure:6082: cc -c conftest.c >&5
configure:6086: $? = 0
configure:6094: cc -c conftest.c -o conftest2.o >&5
configure:6098: $? = 0
configure:6104: cc -c conftest.c -o conftest2.o >&5
configure:6108: $? = 0
configure:6126: result: yes
configure:6142: checking how to run the C preprocessor
configure:6168: gcc -E  conftest.c
configure:6168: $? = 0
configure:6183: gcc -E  conftest.c
conftest.c:12:10: fatal error: 'ac_nonexistent.h' file not found
#include <ac_nonexistent.h>
         ^~~~~~~~~~~~~~~~~~
1 error generated.
configure:6183: $? = 1
configure: failed program was:
| /* confdefs.h */
| #define PACKAGE_NAME "adolc"
| #define PACKAGE_TARNAME "adolc"
| #define PACKAGE_VERSION "2.7.0-trunk"
| #define PACKAGE_STRING "adolc 2.7.0-trunk"
| #define PACKAGE_BUGREPORT "adol-c@list.coin-or.org"
| #define PACKAGE_URL ""
| #define PACKAGE "adolc"
| #define VERSION "2.7.0-trunk"
| #define HAVE_CXX11 1
| /* end confdefs.h.  */
| #include <ac_nonexistent.h>
configure:6210: result: gcc -E
configure:6224: gcc -E  conftest.c
configure:6224: $? = 0
configure:6239: gcc -E  conftest.c
conftest.c:12:10: fatal error: 'ac_nonexistent.h' file not found
#include <ac_nonexistent.h>
         ^~~~~~~~~~~~~~~~~~
1 error generated.
configure:6239: $? = 1
configure: failed program was:
| /* confdefs.h */
| #define PACKAGE_NAME "adolc"
| #define PACKAGE_TARNAME "adolc"
| #define PACKAGE_VERSION "2.7.0-trunk"
| #define PACKAGE_STRING "adolc 2.7.0-trunk"
| #define PACKAGE_BUGREPORT "adol-c@list.coin-or.org"
| #define PACKAGE_URL ""
| #define PACKAGE "adolc"
| #define VERSION "2.7.0-trunk"
| #define HAVE_CXX11 1
| /* end confdefs.h.  */
| #include <ac_nonexistent.h>
configure:6270: checking whether ln -s works
configure:6274: result: yes
configure:6281: checking whether make sets $(MAKE)
configure:6304: result: yes
configure:6315: WARNING: Libtool does not cope well with whitespace in `pwd`
configure:6345: checking build system type
configure:6360: result: x86_64-apple-darwin21.5.0
configure:6380: checking host system type
configure:6394: result: x86_64-apple-darwin21.5.0
configure:6435: checking how to print strings
configure:6462: result: printf
configure:6483: checking for a sed that does not truncate output
configure:6553: result: /usr/bin/sed
configure:6571: checking for grep that handles long lines and -e
configure:6635: result: /usr/bin/grep
configure:6640: checking for egrep
configure:6708: result: /usr/bin/grep -E
configure:6713: checking for fgrep
configure:6781: result: /usr/bin/grep -F
configure:6817: checking for ld used by gcc
configure:6885: result: /Applications/Xcode.app/Contents/Developer/Toolchains/XcodeDefault.xctoolchain/usr/bin/ld
configure:6892: checking if the linker (/Applications/Xcode.app/Contents/Developer/Toolchains/XcodeDefault.xctoolchain/usr/bin/ld) is GNU ld
configure:6908: result: no
configure:6920: checking for BSD- or MS-compatible name lister (nm)
configure:6975: result: /usr/bin/nm -B
configure:7115: checking the name lister (/usr/bin/nm -B) interface
configure:7123: gcc -c -g -O2  conftest.c >&5
configure:7126: /usr/bin/nm -B "conftest.o"
configure:7129: output
0000000000000284 S _some_variable
configure:7136: result: BSD nm
configure:7140: checking the maximum length of command line arguments
configure:7272: result: 786432
configure:7320: checking how to convert x86_64-apple-darwin21.5.0 file names to x86_64-apple-darwin21.5.0 format
configure:7361: result: func_convert_file_noop
configure:7368: checking how to convert x86_64-apple-darwin21.5.0 file names to toolchain format
configure:7389: result: func_convert_file_noop
configure:7396: checking for /Applications/Xcode.app/Contents/Developer/Toolchains/XcodeDefault.xctoolchain/usr/bin/ld option to reload object files
configure:7404: result: -r
configure:7483: checking for file
configure:7504: found /usr/bin/file
configure:7515: result: file
configure:7591: checking for objdump
configure:7612: found /usr/bin/objdump
configure:7623: result: objdump
configure:7652: checking how to recognize dependent libraries
configure:7853: result: pass_all
configure:7943: checking for dlltool
configure:7978: result: no
configure:8005: checking how to associate runtime and link libraries
configure:8033: result: printf %s\n
configure:8099: checking for ar
configure:8120: found /usr/bin/ar
configure:8131: result: ar
configure:8184: checking for archiver @FILE support
configure:8202: gcc -c -g -O2  conftest.c >&5
configure:8202: $? = 0
configure:8206: ar cr libconftest.a @conftest.lst >&5
ar: @conftest.lst: No such file or directory
configure:8209: $? = 1
configure:8229: result: no
configure:8292: checking for strip
configure:8313: found /usr/bin/strip
configure:8324: result: strip
configure:8401: checking for ranlib
configure:8422: found /usr/bin/ranlib
configure:8433: result: ranlib
configure:8535: checking command to parse /usr/bin/nm -B output from gcc object
configure:8689: gcc -c -g -O2  conftest.c >&5
configure:8692: $? = 0
configure:8696: /usr/bin/nm -B conftest.o \| /usr/bin/sed -n -e 's/^.*[ ]\([ABCDGIRSTW][ABCDGIRSTW]*\)[ ][ ]*\([_A-Za-z][_A-Za-z0-9]*\)$/\1 \2 \2/p' | /usr/bin/sed '/ __gnu_lto/d' \> conftest.nm
configure:8699: $? = 0
cannot find nm_test_var in conftest.nm
configure:8689: gcc -c -g -O2  conftest.c >&5
configure:8692: $? = 0
configure:8696: /usr/bin/nm -B conftest.o \| /usr/bin/sed -n -e 's/^.*[ ]\([ABCDGIRSTW][ABCDGIRSTW]*\)[ ][ ]*_\([_A-Za-z][_A-Za-z0-9]*\)$/\1 _\2 \2/p' | /usr/bin/sed '/ __gnu_lto/d' \> conftest.nm
configure:8699: $? = 0
configure:8765: gcc -o conftest -g -O2   conftest.c conftstm.o >&5
warning: (x86_64)  could not find object file symbol for symbol _main
configure:8768: $? = 0
configure:8806: result: ok
configure:8853: checking for sysroot
configure:8884: result: no
configure:8891: checking for a working dd
configure:8935: result: /bin/dd
configure:8939: checking how to truncate binary pipes
configure:8955: result: /bin/dd bs=4096 count=1
configure:9292: checking for mt
configure:9327: result: no
configure:9347: checking if : is a manifest tool
configure:9354: : '-?'
configure:9362: result: no
configure:9423: checking for dsymutil
configure:9444: found /usr/bin/dsymutil
configure:9455: result: dsymutil
configure:9525: checking for nmedit
configure:9546: found /usr/bin/nmedit
configure:9557: result: nmedit
configure:9627: checking for lipo
configure:9648: found /usr/bin/lipo
configure:9659: result: lipo
configure:9729: checking for otool
configure:9750: found /usr/bin/otool
configure:9761: result: otool
configure:9831: checking for otool64
configure:9866: result: no
configure:9911: checking for -single_module linker flag
gcc -g -O2  -o libconftest.dylib -dynamiclib -Wl,-single_module conftest.c
configure:9945: result: yes
configure:9948: checking for -exported_symbols_list linker flag
configure:9969: gcc -o conftest -g -O2   -Wl,-exported_symbols_list,conftest.sym conftest.c  >&5
configure:9969: $? = 0
configure:9980: result: yes
configure:9983: checking for -force_load linker flag
gcc -g -O2 -c -o conftest.o conftest.c
ar cr libconftest.a conftest.o
ranlib libconftest.a
gcc -g -O2  -o conftest conftest.c -Wl,-force_load,./libconftest.a
configure:10016: result: yes
configure:10087: checking for stdio.h
configure:10087: gcc -c -g -O2  conftest.c >&5
configure:10087: $? = 0
configure:10087: result: yes
configure:10087: checking for stdlib.h
configure:10087: gcc -c -g -O2  conftest.c >&5
configure:10087: $? = 0
configure:10087: result: yes
configure:10087: checking for string.h
configure:10087: gcc -c -g -O2  conftest.c >&5
configure:10087: $? = 0
configure:10087: result: yes
configure:10087: checking for inttypes.h
configure:10087: gcc -c -g -O2  conftest.c >&5
configure:10087: $? = 0
configure:10087: result: yes
configure:10087: checking for stdint.h
configure:10087: gcc -c -g -O2  conftest.c >&5
configure:10087: $? = 0
configure:10087: result: yes
configure:10087: checking for strings.h
configure:10087: gcc -c -g -O2  conftest.c >&5
configure:10087: $? = 0
configure:10087: result: yes
configure:10087: checking for sys/stat.h
configure:10087: gcc -c -g -O2  conftest.c >&5
configure:10087: $? = 0
configure:10087: result: yes
configure:10087: checking for sys/types.h
configure:10087: gcc -c -g -O2  conftest.c >&5
configure:10087: $? = 0
configure:10087: result: yes
configure:10087: checking for unistd.h
configure:10087: gcc -c -g -O2  conftest.c >&5
configure:10087: $? = 0
configure:10087: result: yes
configure:10087: checking for sys/time.h
configure:10087: gcc -c -g -O2  conftest.c >&5
configure:10087: $? = 0
configure:10087: result: yes
configure:10112: checking for dlfcn.h
configure:10112: gcc -c -g -O2  conftest.c >&5
configure:10112: $? = 0
configure:10112: result: yes
configure:10707: checking for objdir
configure:10723: result: .libs
configure:10987: checking if gcc supports -fno-rtti -fno-exceptions
configure:11006: gcc -c -g -O2  -fno-rtti -fno-exceptions conftest.c >&5
configure:11010: $? = 0
configure:11023: result: yes
configure:11381: checking for gcc option to produce PIC
configure:11389: result: -fno-common -DPIC
configure:11397: checking if gcc PIC flag -fno-common -DPIC works
configure:11416: gcc -c -g -O2  -fno-common -DPIC -DPIC conftest.c >&5
configure:11420: $? = 0
configure:11433: result: yes
configure:11462: checking if gcc static flag -static works
configure:11491: result: no
configure:11506: checking if gcc supports -c -o file.o
configure:11528: gcc -c -g -O2  -o out/conftest2.o conftest.c >&5
configure:11532: $? = 0
configure:11554: result: yes
configure:11562: checking if gcc supports -c -o file.o
configure:11610: result: yes
configure:11643: checking whether the gcc linker (/Applications/Xcode.app/Contents/Developer/Toolchains/XcodeDefault.xctoolchain/usr/bin/ld) supports shared libraries
configure:12911: result: yes
configure:13152: checking dynamic linker characteristics
configure:13973: result: darwin21.5.0 dyld
configure:14095: checking how to hardcode library paths into programs
configure:14120: result: immediate
configure:14165: checking for dlopen in -ldl
configure:14188: gcc -o conftest -g -O2   conftest.c -ldl   >&5
configure:14188: $? = 0
configure:14198: result: yes
configure:14424: checking whether a program can dlopen itself
configure:14505: gcc -o conftest -g -O2  -DHAVE_DLFCN_H   conftest.c -ldl  >&5
configure:14508: $? = 0
configure:14526: result: yes
configure:14531: checking whether a statically linked program can dlopen itself
configure:14612: gcc -o conftest -g -O2  -DHAVE_DLFCN_H    conftest.c -ldl  >&5
configure:14615: $? = 0
configure:14633: result: yes
configure:14672: checking whether stripping libraries is possible
configure:14689: result: yes
configure:14723: checking if libtool supports shared libraries
configure:14725: result: yes
configure:14728: checking whether to build shared libraries
configure:14753: result: yes
configure:14756: checking whether to build static libraries
configure:14760: result: no
configure:14783: checking how to run the C++ preprocessor
configure:14805: g++ -E  conftest.cpp
configure:14805: $? = 0
configure:14820: g++ -E  conftest.cpp
conftest.cpp:25:10: fatal error: 'ac_nonexistent.h' file not found
#include <ac_nonexistent.h>
         ^~~~~~~~~~~~~~~~~~
1 error generated.
configure:14820: $? = 1
configure: failed program was:
| /* confdefs.h */
| #define PACKAGE_NAME "adolc"
| #define PACKAGE_TARNAME "adolc"
| #define PACKAGE_VERSION "2.7.0-trunk"
| #define PACKAGE_STRING "adolc 2.7.0-trunk"
| #define PACKAGE_BUGREPORT "adol-c@list.coin-or.org"
| #define PACKAGE_URL ""
| #define PACKAGE "adolc"
| #define VERSION "2.7.0-trunk"
| #define HAVE_CXX11 1
| #define HAVE_STDIO_H 1
| #define HAVE_STDLIB_H 1
| #define HAVE_STRING_H 1
| #define HAVE_INTTYPES_H 1
| #define HAVE_STDINT_H 1
| #define HAVE_STRINGS_H 1
| #define HAVE_SYS_STAT_H 1
| #define HAVE_SYS_TYPES_H 1
| #define HAVE_UNISTD_H 1
| #define HAVE_SYS_TIME_H 1
| #define STDC_HEADERS 1
| #define HAVE_DLFCN_H 1
| #define LT_OBJDIR ".libs/"
| /* end confdefs.h.  */
| #include <ac_nonexistent.h>
configure:14847: result: g++ -E
configure:14861: g++ -E  conftest.cpp
configure:14861: $? = 0
configure:14876: g++ -E  conftest.cpp
conftest.cpp:25:10: fatal error: 'ac_nonexistent.h' file not found
#include <ac_nonexistent.h>
         ^~~~~~~~~~~~~~~~~~
1 error generated.
configure:14876: $? = 1
configure: failed program was:
| /* confdefs.h */
| #define PACKAGE_NAME "adolc"
| #define PACKAGE_TARNAME "adolc"
| #define PACKAGE_VERSION "2.7.0-trunk"
| #define PACKAGE_STRING "adolc 2.7.0-trunk"
| #define PACKAGE_BUGREPORT "adol-c@list.coin-or.org"
| #define PACKAGE_URL ""
| #define PACKAGE "adolc"
| #define VERSION "2.7.0-trunk"
| #define HAVE_CXX11 1
| #define HAVE_STDIO_H 1
| #define HAVE_STDLIB_H 1
| #define HAVE_STRING_H 1
| #define HAVE_INTTYPES_H 1
| #define HAVE_STDINT_H 1
| #define HAVE_STRINGS_H 1
| #define HAVE_SYS_STAT_H 1
| #define HAVE_SYS_TYPES_H 1
| #define HAVE_UNISTD_H 1
| #define HAVE_SYS_TIME_H 1
| #define STDC_HEADERS 1
| #define HAVE_DLFCN_H 1
| #define LT_OBJDIR ".libs/"
| /* end confdefs.h.  */
| #include <ac_nonexistent.h>
configure:15041: checking for ld used by g++
configure:15109: result: /Applications/Xcode.app/Contents/Developer/Toolchains/XcodeDefault.xctoolchain/usr/bin/ld
configure:15116: checking if the linker (/Applications/Xcode.app/Contents/Developer/Toolchains/XcodeDefault.xctoolchain/usr/bin/ld) is GNU ld
configure:15132: result: no
configure:15187: checking whether the g++ linker (/Applications/Xcode.app/Contents/Developer/Toolchains/XcodeDefault.xctoolchain/usr/bin/ld) supports shared libraries
configure:16265: result: yes
configure:16301: g++ -c -g -O2 -std=c++11  conftest.cpp >&5
configure:16304: $? = 0
configure:16785: checking for g++ option to produce PIC
configure:16793: result: -fno-common -DPIC
configure:16801: checking if g++ PIC flag -fno-common -DPIC works
configure:16820: g++ -c -g -O2 -std=c++11  -fno-common -DPIC -DPIC conftest.cpp >&5
configure:16824: $? = 0
configure:16837: result: yes
configure:16860: checking if g++ static flag -static works
configure:16889: result: no
configure:16901: checking if g++ supports -c -o file.o
configure:16923: g++ -c -g -O2 -std=c++11  -o out/conftest2.o conftest.cpp >&5
configure:16927: $? = 0
configure:16949: result: yes
configure:16954: checking if g++ supports -c -o file.o
configure:17002: result: yes
configure:17032: checking whether the g++ linker (/Applications/Xcode.app/Contents/Developer/Toolchains/XcodeDefault.xctoolchain/usr/bin/ld) supports shared libraries
configure:17072: result: yes
configure:17214: checking dynamic linker characteristics
configure:17962: result: darwin21.5.0 dyld
configure:18027: checking how to hardcode library paths into programs
configure:18052: result: immediate
configure:18206: checking size of void *
configure:18212: gcc -o conftest -g -O2   conftest.c  >&5
configure:18212: $? = 0
configure:18212: ./conftest
configure:18212: $? = 0
configure:18227: result: 8
configure:18248: checking for __builtin_expect
configure:18271: gcc -o conftest -g -O2   conftest.c  >&5
conftest.c:33:40: warning: if statement has empty body [-Wempty-body]
          if (__builtin_expect(f(), 0));
                                       ^
conftest.c:33:40: note: put the semicolon on a separate line to silence this warning
1 warning generated.
configure:18271: $? = 0
configure:18274: result: yes
configure:18294: checking for egrep
configure:18362: result: /usr/bin/grep -E
configure:18378: checking for _Bool
configure:18378: gcc -c -g -O2  conftest.c >&5
configure:18378: $? = 0
configure:18378: gcc -c -g -O2  conftest.c >&5
conftest.c:59:20: error: expected expression
if (sizeof ((_Bool)))
                   ^
1 error generated.
configure:18378: $? = 1
configure: failed program was:
| /* confdefs.h */
| #define PACKAGE_NAME "adolc"
| #define PACKAGE_TARNAME "adolc"
| #define PACKAGE_VERSION "2.7.0-trunk"
| #define PACKAGE_STRING "adolc 2.7.0-trunk"
| #define PACKAGE_BUGREPORT "adol-c@list.coin-or.org"
| #define PACKAGE_URL ""
| #define PACKAGE "adolc"
| #define VERSION "2.7.0-trunk"
| #define HAVE_CXX11 1
| #define HAVE_STDIO_H 1
| #define HAVE_STDLIB_H 1
| #define HAVE_STRING_H 1
| #define HAVE_INTTYPES_H 1
| #define HAVE_STDINT_H 1
| #define HAVE_STRINGS_H 1
| #define HAVE_SYS_STAT_H 1
| #define HAVE_SYS_TYPES_H 1
| #define HAVE_UNISTD_H 1
| #define HAVE_SYS_TIME_H 1
| #define STDC_HEADERS 1
| #define HAVE_DLFCN_H 1
| #define LT_OBJDIR ".libs/"
| #define SIZEOF_VOID_P 8
| #define HAVE_BUILTIN_EXPECT 1
| #define TIME_WITH_SYS_TIME 1
| /* end confdefs.h.  */
| #include <stddef.h>
| #ifdef HAVE_STDIO_H
| # include <stdio.h>
| #endif
| #ifdef HAVE_STDLIB_H
| # include <stdlib.h>
| #endif
| #ifdef HAVE_STRING_H
| # include <string.h>
| #endif
| #ifdef HAVE_INTTYPES_H
| # include <inttypes.h>
| #endif
| #ifdef HAVE_STDINT_H
| # include <stdint.h>
| #endif
| #ifdef HAVE_STRINGS_H
| # include <strings.h>
| #endif
| #ifdef HAVE_SYS_TYPES_H
| # include <sys/types.h>
| #endif
| #ifdef HAVE_SYS_STAT_H
| # include <sys/stat.h>
| #endif
| #ifdef HAVE_UNISTD_H
| # include <unistd.h>
| #endif
| int
| main (void)
| {
| if (sizeof ((_Bool)))
| 	    return 0;
|   ;
|   return 0;
| }
configure:18378: result: yes
configure:18387: checking for stdbool.h that conforms to C99
configure:18503: gcc -c -g -O2  conftest.c >&5
conftest.c:114:25: warning: address of 's' will always evaluate to 'true' [-Wpointer-bool-conversion]
             bool ps = &s;
                  ~~    ^
conftest.c:119:28: warning: address of 't' will always evaluate to 'true' [-Wpointer-bool-conversion]
               _Bool pt = &t;
                     ~~    ^
conftest.c:129:55: warning: address of array 'y' will always evaluate to 'true' [-Wpointer-bool-conversion]
                                                     ~^
conftest.c:129:50: warning: address of array 'x' will always evaluate to 'true' [-Wpointer-bool-conversion]
                                                ~^
conftest.c:129:45: warning: address of array 'w' will always evaluate to 'true' [-Wpointer-bool-conversion]
                                           ~^
conftest.c:129:40: warning: address of array 'v' will always evaluate to 'true' [-Wpointer-bool-conversion]
                                      ~^
conftest.c:129:35: warning: address of array 'u' will always evaluate to 'true' [-Wpointer-bool-conversion]
                                 ~^
conftest.c:129:30: warning: address of array 'r' will always evaluate to 'true' [-Wpointer-bool-conversion]
                            ~^
conftest.c:129:25: warning: address of array 'q' will always evaluate to 'true' [-Wpointer-bool-conversion]
                       ~^
conftest.c:127:40: warning: address of array 'o' will always evaluate to 'true' [-Wpointer-bool-conversion]
                                      ~^
conftest.c:127:35: warning: address of array 'n' will always evaluate to 'true' [-Wpointer-bool-conversion]
                                 ~^
conftest.c:127:30: warning: address of array 'm' will always evaluate to 'true' [-Wpointer-bool-conversion]
                            ~^
conftest.c:127:25: warning: address of array 'l' will always evaluate to 'true' [-Wpointer-bool-conversion]
                       ~^
conftest.c:126:73: warning: address of array 'k' will always evaluate to 'true' [-Wpointer-bool-conversion]
             return (!a + !b + !c + !d + !e + !f + !g + !h + !i + !j + !k
                                                                       ~^
conftest.c:126:68: warning: address of array 'j' will always evaluate to 'true' [-Wpointer-bool-conversion]
             return (!a + !b + !c + !d + !e + !f + !g + !h + !i + !j + !k
                                                                  ~^
conftest.c:126:63: warning: address of array 'i' will always evaluate to 'true' [-Wpointer-bool-conversion]
             return (!a + !b + !c + !d + !e + !f + !g + !h + !i + !j + !k
                                                             ~^
conftest.c:126:38: warning: address of array 'd' will always evaluate to 'true' [-Wpointer-bool-conversion]
             return (!a + !b + !c + !d + !e + !f + !g + !h + !i + !j + !k
                                    ~^
conftest.c:126:33: warning: address of array 'c' will always evaluate to 'true' [-Wpointer-bool-conversion]
             return (!a + !b + !c + !d + !e + !f + !g + !h + !i + !j + !k
                               ~^
conftest.c:126:28: warning: address of array 'b' will always evaluate to 'true' [-Wpointer-bool-conversion]
             return (!a + !b + !c + !d + !e + !f + !g + !h + !i + !j + !k
                          ~^
conftest.c:126:23: warning: address of array 'a' will always evaluate to 'true' [-Wpointer-bool-conversion]
             return (!a + !b + !c + !d + !e + !f + !g + !h + !i + !j + !k
                     ~^
20 warnings generated.
configure:18503: $? = 0
configure:18511: result: yes
configure:18520: checking for stddef.h
configure:18520: gcc -c -g -O2  conftest.c >&5
configure:18520: $? = 0
configure:18520: result: yes
configure:18526: checking for stdlib.h
configure:18526: result: yes
configure:18532: checking for stdio.h
configure:18532: result: yes
configure:18538: checking for string.h
configure:18538: result: yes
configure:18544: checking for unistd.h
configure:18544: result: yes
configure:18550: checking for sys/timeb.h
configure:18550: gcc -c -g -O2  conftest.c >&5
configure:18550: $? = 0
configure:18550: result: yes
configure:18559: checking for an ANSI C-conforming const
configure:18626: gcc -c -g -O2  conftest.c >&5
configure:18626: $? = 0
configure:18634: result: yes
configure:18642: checking for inline
configure:18659: gcc -c -g -O2  conftest.c >&5
configure:18659: $? = 0
configure:18668: result: inline
configure:18686: checking for size_t
configure:18686: gcc -c -g -O2  conftest.c >&5
configure:18686: $? = 0
configure:18686: gcc -c -g -O2  conftest.c >&5
conftest.c:67:21: error: expected expression
if (sizeof ((size_t)))
                    ^
1 error generated.
configure:18686: $? = 1
configure: failed program was:
| /* confdefs.h */
| #define PACKAGE_NAME "adolc"
| #define PACKAGE_TARNAME "adolc"
| #define PACKAGE_VERSION "2.7.0-trunk"
| #define PACKAGE_STRING "adolc 2.7.0-trunk"
| #define PACKAGE_BUGREPORT "adol-c@list.coin-or.org"
| #define PACKAGE_URL ""
| #define PACKAGE "adolc"
| #define VERSION "2.7.0-trunk"
| #define HAVE_CXX11 1
| #define HAVE_STDIO_H 1
| #define HAVE_STDLIB_H 1
| #define HAVE_STRING_H 1
| #define HAVE_INTTYPES_H 1
| #define HAVE_STDINT_H 1
| #define HAVE_STRINGS_H 1
| #define HAVE_SYS_STAT_H 1
| #define HAVE_SYS_TYPES_H 1
| #define HAVE_UNISTD_H 1
| #define HAVE_SYS_TIME_H 1
| #define STDC_HEADERS 1
| #define HAVE_DLFCN_H 1
| #define LT_OBJDIR ".libs/"
| #define SIZEOF_VOID_P 8
| #define HAVE_BUILTIN_EXPECT 1
| #define TIME_WITH_SYS_TIME 1
| #define HAVE__BOOL 1
| #define HAVE_STDBOOL_H 1
| #define HAVE_STDDEF_H 1
| #define HAVE_STDLIB_H 1
| #define HAVE_STDIO_H 1
| #define HAVE_STRING_H 1
| #define HAVE_UNISTD_H 1
| #define HAVE_SYS_TIMEB_H 1
| /* end confdefs.h.  */
| #include <stddef.h>
| #ifdef HAVE_STDIO_H
| # include <stdio.h>
| #endif
| #ifdef HAVE_STDLIB_H
| # include <stdlib.h>
| #endif
| #ifdef HAVE_STRING_H
| # include <string.h>
| #endif
| #ifdef HAVE_INTTYPES_H
| # include <inttypes.h>
| #endif
| #ifdef HAVE_STDINT_H
| # include <stdint.h>
| #endif
| #ifdef HAVE_STRINGS_H
| # include <strings.h>
| #endif
| #ifdef HAVE_SYS_TYPES_H
| # include <sys/types.h>
| #endif
| #ifdef HAVE_SYS_STAT_H
| # include <sys/stat.h>
| #endif
| #ifdef HAVE_UNISTD_H
| # include <unistd.h>
| #endif
| int
| main (void)
| {
| if (sizeof ((size_t)))
| 	    return 0;
|   ;
|   return 0;
| }
configure:18686: result: yes
configure:18696: checking whether struct tm is in sys/time.h or time.h
configure:18717: gcc -c -g -O2  conftest.c >&5
configure:18717: $? = 0
configure:18725: result: time.h
configure:18736: checking for library containing pow
configure:18766: gcc -o conftest -g -O2   conftest.c  >&5
conftest.c:40:6: warning: incompatible redeclaration of library function 'pow' [-Wincompatible-library-redeclaration]
char pow ();
     ^
conftest.c:40:6: note: 'pow' is a builtin with type 'double (double, double)'
1 warning generated.
configure:18766: $? = 0
configure:18786: result: none required
configure:18795: checking for floor
configure:18795: gcc -o conftest -g -O2   conftest.c  >&5
conftest.c:52:6: warning: incompatible redeclaration of library function 'floor' [-Wincompatible-library-redeclaration]
char floor ();
     ^
conftest.c:52:6: note: 'floor' is a builtin with type 'double (double)'
1 warning generated.
configure:18795: $? = 0
configure:18795: result: yes
configure:18801: checking for fmax
configure:18801: gcc -o conftest -g -O2   conftest.c  >&5
conftest.c:53:6: warning: incompatible redeclaration of library function 'fmax' [-Wincompatible-library-redeclaration]
char fmax ();
     ^
conftest.c:53:6: note: 'fmax' is a builtin with type 'double (double, double)'
1 warning generated.
configure:18801: $? = 0
configure:18801: result: yes
configure:18807: checking for fmin
configure:18807: gcc -o conftest -g -O2   conftest.c  >&5
conftest.c:54:6: warning: incompatible redeclaration of library function 'fmin' [-Wincompatible-library-redeclaration]
char fmin ();
     ^
conftest.c:54:6: note: 'fmin' is a builtin with type 'double (double, double)'
1 warning generated.
configure:18807: $? = 0
configure:18807: result: yes
configure:18813: checking for ftime
configure:18813: gcc -o conftest -g -O2   conftest.c  >&5
configure:18813: $? = 0
configure:18813: result: yes
configure:18819: checking for pow
configure:18819: gcc -o conftest -g -O2   conftest.c  >&5
conftest.c:56:6: warning: incompatible redeclaration of library function 'pow' [-Wincompatible-library-redeclaration]
char pow ();
     ^
conftest.c:56:6: note: 'pow' is a builtin with type 'double (double, double)'
1 warning generated.
configure:18819: $? = 0
configure:18819: result: yes
configure:18825: checking for sqrt
configure:18825: gcc -o conftest -g -O2   conftest.c  >&5
conftest.c:57:6: warning: incompatible redeclaration of library function 'sqrt' [-Wincompatible-library-redeclaration]
char sqrt ();
     ^
conftest.c:57:6: note: 'sqrt' is a builtin with type 'double (double)'
1 warning generated.
configure:18825: $? = 0
configure:18825: result: yes
configure:18831: checking for cbrt
configure:18831: gcc -o conftest -g -O2   conftest.c  >&5
conftest.c:58:6: warning: incompatible redeclaration of library function 'cbrt' [-Wincompatible-library-redeclaration]
char cbrt ();
     ^
conftest.c:58:6: note: 'cbrt' is a builtin with type 'double (double)'
1 warning generated.
configure:18831: $? = 0
configure:18831: result: yes
configure:18837: checking for strchr
configure:18837: gcc -o conftest -g -O2   conftest.c  >&5
conftest.c:59:6: warning: incompatible redeclaration of library function 'strchr' [-Wincompatible-library-redeclaration]
char strchr ();
     ^
conftest.c:59:6: note: 'strchr' is a builtin with type 'char *(const char *, int)'
1 warning generated.
configure:18837: $? = 0
configure:18837: result: yes
configure:18843: checking for strtol
configure:18843: gcc -o conftest -g -O2   conftest.c  >&5
conftest.c:60:6: warning: incompatible redeclaration of library function 'strtol' [-Wincompatible-library-redeclaration]
char strtol ();
     ^
conftest.c:60:6: note: 'strtol' is a builtin with type 'long (const char *, char **, int)'
1 warning generated.
configure:18843: $? = 0
configure:18843: result: yes
configure:18849: checking for trunc
configure:18849: gcc -o conftest -g -O2   conftest.c  >&5
conftest.c:61:6: warning: incompatible redeclaration of library function 'trunc' [-Wincompatible-library-redeclaration]
char trunc ();
     ^
conftest.c:61:6: note: 'trunc' is a builtin with type 'double (double)'
1 warning generated.
configure:18849: $? = 0
configure:18849: result: yes
configure:18878: checking for GNU libc compatible malloc
configure:18910: gcc -o conftest -g -O2   conftest.c  >&5
configure:18910: $? = 0
configure:18910: ./conftest
configure:18910: $? = 0
configure:18921: result: yes
configure:18943: checking for GNU libc compatible realloc
configure:18975: gcc -o conftest -g -O2   conftest.c  >&5
configure:18975: $? = 0
configure:18975: ./conftest
configure:18975: $? = 0
configure:18986: result: yes
configure:19014: checking whether to use calloc or malloc for memory allocation
configure:19026: result: calloc
configure:19036: checking whether to enable atrig/erf functions
configure:19046: result: no
configure:19056: checking whether to use 32-bit or 64-bit locations
configure:19073: result: 32-bit
configure:19078: checking whether to use single or double precision
configure:19096: result: double
configure:19100: checking whether to enable advanced branching operations
configure:19110: result: no
configure:19120: checking whether to enable reference counting for tapeless numbers
configure:19130: result: no
configure:19140: checking whether to enable activity tracking
configure:19150: result: no
configure:19159: checking whether to use ADOL-C debug mode
configure:19172: result: no
configure:19178: checking whether to use ADOL-C hard debug mode
configure:19191: result: no
configure:19210: checking whether the default adouble constructor should initialize the value to 0
configure:19223: result: yes
configure:19235: checking whether the adouble variables have a late initialize option for functions like malloc/realloc
configure:19248: result: no
configure:19260: checking whether errno is thread save
configure:19273: result: no
configure:19285: checking which flag to use to enable OpenMP
configure:19296: result: none
configure:19351: checking for boostlib >= 1.54
configure:19434: g++ -c -g -O2 -std=c++11   conftest.cpp >&5
conftest.cpp:54:14: fatal error: 'boost/version.hpp' file not found
    #include <boost/version.hpp>
             ^~~~~~~~~~~~~~~~~~~
1 error generated.
configure:19434: $? = 1
configure: failed program was:
| /* confdefs.h */
| #define PACKAGE_NAME "adolc"
| #define PACKAGE_TARNAME "adolc"
| #define PACKAGE_VERSION "2.7.0-trunk"
| #define PACKAGE_STRING "adolc 2.7.0-trunk"
| #define PACKAGE_BUGREPORT "adol-c@list.coin-or.org"
| #define PACKAGE_URL ""
| #define PACKAGE "adolc"
| #define VERSION "2.7.0-trunk"
| #define HAVE_CXX11 1
| #define HAVE_STDIO_H 1
| #define HAVE_STDLIB_H 1
| #define HAVE_STRING_H 1
| #define HAVE_INTTYPES_H 1
| #define HAVE_STDINT_H 1
| #define HAVE_STRINGS_H 1
| #define HAVE_SYS_STAT_H 1
| #define HAVE_SYS_TYPES_H 1
| #define HAVE_UNISTD_H 1
| #define HAVE_SYS_TIME_H 1
| #define STDC_HEADERS 1
| #define HAVE_DLFCN_H 1
| #define LT_OBJDIR ".libs/"
| #define SIZEOF_VOID_P 8
| #define HAVE_BUILTIN_EXPECT 1
| #define TIME_WITH_SYS_TIME 1
| #define HAVE__BOOL 1
| #define HAVE_STDBOOL_H 1
| #define HAVE_STDDEF_H 1
| #define HAVE_STDLIB_H 1
| #define HAVE_STDIO_H 1
| #define HAVE_STRING_H 1
| #define HAVE_UNISTD_H 1
| #define HAVE_SYS_TIMEB_H 1
| #define HAVE_FLOOR 1
| #define HAVE_FMAX 1
| #define HAVE_FMIN 1
| #define HAVE_FTIME 1
| #define HAVE_POW 1
| #define HAVE_SQRT 1
| #define HAVE_CBRT 1
| #define HAVE_STRCHR 1
| #define HAVE_STRTOL 1
| #define HAVE_TRUNC 1
| #define ADOLC_VERSION 2
| #define ADOLC_SUBVERSION 7
| #define ADOLC_PATCHLEVEL 0
| #define HAVE_MALLOC 1
| #define HAVE_REALLOC 1
| #define ADOLC_USE_CALLOC 1
| #define ADOLC_ADOUBLE_STDCZERO 1
| /* end confdefs.h.  */
| 
|     #include <boost/version.hpp>
| 
| int
| main (void)
| {
| 
|     #if BOOST_VERSION >= 105400
|     // Everything is okay
|     #else
|     #  error Boost version is too old
|     #endif
| 
|   ;
|   return 0;
| }
configure:19541: g++ -c -g -O2 -std=c++11   -I/include/boost-0 conftest.cpp >&5
conftest.cpp:54:18: fatal error: 'boost/version.hpp' file not found
        #include <boost/version.hpp>
                 ^~~~~~~~~~~~~~~~~~~
1 error generated.
configure:19541: $? = 1
configure: failed program was:
| /* confdefs.h */
| #define PACKAGE_NAME "adolc"
| #define PACKAGE_TARNAME "adolc"
| #define PACKAGE_VERSION "2.7.0-trunk"
| #define PACKAGE_STRING "adolc 2.7.0-trunk"
| #define PACKAGE_BUGREPORT "adol-c@list.coin-or.org"
| #define PACKAGE_URL ""
| #define PACKAGE "adolc"
| #define VERSION "2.7.0-trunk"
| #define HAVE_CXX11 1
| #define HAVE_STDIO_H 1
| #define HAVE_STDLIB_H 1
| #define HAVE_STRING_H 1
| #define HAVE_INTTYPES_H 1
| #define HAVE_STDINT_H 1
| #define HAVE_STRINGS_H 1
| #define HAVE_SYS_STAT_H 1
| #define HAVE_SYS_TYPES_H 1
| #define HAVE_UNISTD_H 1
| #define HAVE_SYS_TIME_H 1
| #define STDC_HEADERS 1
| #define HAVE_DLFCN_H 1
| #define LT_OBJDIR ".libs/"
| #define SIZEOF_VOID_P 8
| #define HAVE_BUILTIN_EXPECT 1
| #define TIME_WITH_SYS_TIME 1
| #define HAVE__BOOL 1
| #define HAVE_STDBOOL_H 1
| #define HAVE_STDDEF_H 1
| #define HAVE_STDLIB_H 1
| #define HAVE_STDIO_H 1
| #define HAVE_STRING_H 1
| #define HAVE_UNISTD_H 1
| #define HAVE_SYS_TIMEB_H 1
| #define HAVE_FLOOR 1
| #define HAVE_FMAX 1
| #define HAVE_FMIN 1
| #define HAVE_FTIME 1
| #define HAVE_POW 1
| #define HAVE_SQRT 1
| #define HAVE_CBRT 1
| #define HAVE_STRCHR 1
| #define HAVE_STRTOL 1
| #define HAVE_TRUNC 1
| #define ADOLC_VERSION 2
| #define ADOLC_SUBVERSION 7
| #define ADOLC_PATCHLEVEL 0
| #define HAVE_MALLOC 1
| #define HAVE_REALLOC 1
| #define ADOLC_USE_CALLOC 1
| #define ADOLC_ADOUBLE_STDCZERO 1
| /* end confdefs.h.  */
| 
|         #include <boost/version.hpp>
| 
| int
| main (void)
| {
| 
|         #if BOOST_VERSION >= 105400
|         // Everything is okay
|         #else
|         #  error Boost version is too old
|         #endif
| 
|   ;
|   return 0;
| }
configure:19561: We could not detect the boost libraries (version 1.54 or higher). If you have a staged boost library (still not installed) please specify $BOOST_ROOT in your environment and do not give a PATH to --with-boost option.  If you are sure you have boost installed, then check your version number looking in <boost/version.hpp>. See http://randspringer.de/boost for more documentation.
configure:19868: checking whether to build sparse drivers
configure:19878: result: no
configure:19920: checking for ColPack/ColPackHeaders.h
configure:19920: g++ -c -g -O2 -std=c++11    conftest.cpp >&5
conftest.cpp:81:10: fatal error: 'ColPack/ColPackHeaders.h' file not found
#include <ColPack/ColPackHeaders.h>
         ^~~~~~~~~~~~~~~~~~~~~~~~~~
1 error generated.
configure:19920: $? = 1
configure: failed program was:
| /* confdefs.h */
| #define PACKAGE_NAME "adolc"
| #define PACKAGE_TARNAME "adolc"
| #define PACKAGE_VERSION "2.7.0-trunk"
| #define PACKAGE_STRING "adolc 2.7.0-trunk"
| #define PACKAGE_BUGREPORT "adol-c@list.coin-or.org"
| #define PACKAGE_URL ""
| #define PACKAGE "adolc"
| #define VERSION "2.7.0-trunk"
| #define HAVE_CXX11 1
| #define HAVE_STDIO_H 1
| #define HAVE_STDLIB_H 1
| #define HAVE_STRING_H 1
| #define HAVE_INTTYPES_H 1
| #define HAVE_STDINT_H 1
| #define HAVE_STRINGS_H 1
| #define HAVE_SYS_STAT_H 1
| #define HAVE_SYS_TYPES_H 1
| #define HAVE_UNISTD_H 1
| #define HAVE_SYS_TIME_H 1
| #define STDC_HEADERS 1
| #define HAVE_DLFCN_H 1
| #define LT_OBJDIR ".libs/"
| #define SIZEOF_VOID_P 8
| #define HAVE_BUILTIN_EXPECT 1
| #define TIME_WITH_SYS_TIME 1
| #define HAVE__BOOL 1
| #define HAVE_STDBOOL_H 1
| #define HAVE_STDDEF_H 1
| #define HAVE_STDLIB_H 1
| #define HAVE_STDIO_H 1
| #define HAVE_STRING_H 1
| #define HAVE_UNISTD_H 1
| #define HAVE_SYS_TIMEB_H 1
| #define HAVE_FLOOR 1
| #define HAVE_FMAX 1
| #define HAVE_FMIN 1
| #define HAVE_FTIME 1
| #define HAVE_POW 1
| #define HAVE_SQRT 1
| #define HAVE_CBRT 1
| #define HAVE_STRCHR 1
| #define HAVE_STRTOL 1
| #define HAVE_TRUNC 1
| #define ADOLC_VERSION 2
| #define ADOLC_SUBVERSION 7
| #define ADOLC_PATCHLEVEL 0
| #define HAVE_MALLOC 1
| #define HAVE_REALLOC 1
| #define ADOLC_USE_CALLOC 1
| #define ADOLC_ADOUBLE_STDCZERO 1
| /* end confdefs.h.  */
| #include <stddef.h>
| #ifdef HAVE_STDIO_H
| # include <stdio.h>
| #endif
| #ifdef HAVE_STDLIB_H
| # include <stdlib.h>
| #endif
| #ifdef HAVE_STRING_H
| # include <string.h>
| #endif
| #ifdef HAVE_INTTYPES_H
| # include <inttypes.h>
| #endif
| #ifdef HAVE_STDINT_H
| # include <stdint.h>
| #endif
| #ifdef HAVE_STRINGS_H
| # include <strings.h>
| #endif
| #ifdef HAVE_SYS_TYPES_H
| # include <sys/types.h>
| #endif
| #ifdef HAVE_SYS_STAT_H
| # include <sys/stat.h>
| #endif
| #ifdef HAVE_UNISTD_H
| # include <unistd.h>
| #endif
| #include <ColPack/ColPackHeaders.h>
configure:19920: result: no
configure:20020: checking whether to build documented examples
configure:20030: result: no
configure:20043: checking whether to build additional examples
configure:20053: result: no
configure:20066: checking whether to build parallel example
configure:20076: result: no
configure:20090: checking which CFLAGS to use
configure:20118: result: -O2 
configure:20123: checking which CXXFLAGS to use
configure:20150: result: -O2 
configure:20331: checking whether tape_doc should compute values as it prints the tape contents
configure:20345: result: yes
configure:20484: checking that generated files are newer than configure
configure:20490: result: done
configure:20549: creating ./config.status

## ---------------------- ##
## Running config.status. ##
## ---------------------- ##

This file was extended by adolc config.status 2.7.0-trunk, which was
generated by GNU Autoconf 2.71.  Invocation command line was

  CONFIG_FILES    = 
  CONFIG_HEADERS  = 
  CONFIG_LINKS    = 
  CONFIG_COMMANDS = 
  $ ./config.status 

on HAOYUNZHU-MB0

config.status:1259: creating Makefile
config.status:1259: creating ADOL-C/Makefile
config.status:1259: creating ADOL-C/include/Makefile
config.status:1259: creating ADOL-C/include/adolc/Makefile
config.status:1259: creating ADOL-C/include/adolc/internal/adolc_settings.h
config.status:1259: creating ADOL-C/include/adolc/drivers/Makefile
config.status:1259: creating ADOL-C/include/adolc/internal/Makefile
config.status:1259: creating ADOL-C/include/adolc/lie/Makefile
config.status:1259: creating ADOL-C/include/adolc/sparse/Makefile
config.status:1259: creating ADOL-C/include/adolc/tapedoc/Makefile
config.status:1259: creating ADOL-C/src/Makefile
config.status:1259: creating ADOL-C/src/drivers/Makefile
config.status:1259: creating ADOL-C/src/lie/Makefile
config.status:1259: creating ADOL-C/src/sparse/Makefile
config.status:1259: creating ADOL-C/src/tapedoc/Makefile
config.status:1259: creating ADOL-C/doc/version.tex
config.status:1259: creating ADOL-C/examples/Makefile
config.status:1259: creating ADOL-C/examples/additional_examples/Makefile
config.status:1259: creating ADOL-C/examples/additional_examples/cuda/Makefile
config.status:1259: creating ADOL-C/examples/additional_examples/clock/Makefile
config.status:1259: creating ADOL-C/examples/additional_examples/checkpointing/Makefile
config.status:1259: creating ADOL-C/examples/additional_examples/ext_diff_func/Makefile
config.status:1259: creating ADOL-C/examples/additional_examples/fixpoint_exam/Makefile
config.status:1259: creating ADOL-C/examples/additional_examples/hessmat/Makefile
config.status:1259: creating ADOL-C/examples/additional_examples/lie/Makefile
config.status:1259: creating ADOL-C/examples/additional_examples/lufact/Makefile
config.status:1259: creating ADOL-C/examples/additional_examples/openmp_exam/Makefile
config.status:1259: creating ADOL-C/examples/additional_examples/scal/Makefile
config.status:1259: creating ADOL-C/examples/additional_examples/speelpenning/Makefile
config.status:1259: creating ADOL-C/examples/additional_examples/taylor/Makefile
config.status:1259: creating ADOL-C/examples/additional_examples/detexam/Makefile
config.status:1259: creating ADOL-C/examples/additional_examples/helm/Makefile
config.status:1259: creating ADOL-C/examples/additional_examples/lighthouse/Makefile
config.status:1259: creating ADOL-C/examples/additional_examples/ode/Makefile
config.status:1259: creating ADOL-C/examples/additional_examples/sparse/Makefile
config.status:1259: creating ADOL-C/examples/additional_examples/tapesave/Makefile
config.status:1259: creating ADOL-C/examples/additional_examples/pow/Makefile
config.status:1259: creating ADOL-C/examples/additional_examples/timing/Makefile
config.status:1259: creating ADOL-C/examples/additional_examples/param/Makefile
config.status:1259: creating ADOL-C/test/Makefile
config.status:1259: creating ADOL-C/swig/Makefile
config.status:1259: creating MSVisualStudio/v14/sparse/config.h
config.status:1259: creating MSVisualStudio/v14/nosparse/config.h
config.status:1259: creating MSVisualStudio/v14/x64/sparse/config.h
config.status:1259: creating MSVisualStudio/v14/x64/nosparse/config.h
config.status:1259: creating adolc.spec
config.status:1259: creating adolclib.pc
config.status:1259: creating ADOL-C/src/config.h
config.status:1440: ADOL-C/src/config.h is unchanged
config.status:1488: executing depfiles commands
config.status:1565: cd ADOL-C       && sed -e '/# am--include-marker/d' Makefile         | make -f - am--depfiles
make: Nothing to be done for `am--depfiles'.
config.status:1570: $? = 0
config.status:1565: cd ADOL-C/src       && sed -e '/# am--include-marker/d' Makefile         | make -f - am--depfiles
make: Nothing to be done for `am--depfiles'.
config.status:1570: $? = 0
config.status:1565: cd ADOL-C/src/drivers       && sed -e '/# am--include-marker/d' Makefile         | make -f - am--depfiles
make: Nothing to be done for `am--depfiles'.
config.status:1570: $? = 0
config.status:1565: cd ADOL-C/src/lie       && sed -e '/# am--include-marker/d' Makefile         | make -f - am--depfiles
make: Nothing to be done for `am--depfiles'.
config.status:1570: $? = 0
config.status:1565: cd ADOL-C/src/sparse       && sed -e '/# am--include-marker/d' Makefile         | make -f - am--depfiles
make: Nothing to be done for `am--depfiles'.
config.status:1570: $? = 0
config.status:1565: cd ADOL-C/src/tapedoc       && sed -e '/# am--include-marker/d' Makefile         | make -f - am--depfiles
make: Nothing to be done for `am--depfiles'.
config.status:1570: $? = 0
config.status:1565: cd ADOL-C/examples       && sed -e '/# am--include-marker/d' Makefile         | make -f - am--depfiles
make: Nothing to be done for `am--depfiles'.
config.status:1570: $? = 0
config.status:1565: cd ADOL-C/examples/additional_examples/clock       && sed -e '/# am--include-marker/d' Makefile         | make -f - am--depfiles
make: Nothing to be done for `am--depfiles'.
config.status:1570: $? = 0
config.status:1565: cd ADOL-C/examples/additional_examples/checkpointing       && sed -e '/# am--include-marker/d' Makefile         | make -f - am--depfiles
make: Nothing to be done for `am--depfiles'.
config.status:1570: $? = 0
config.status:1565: cd ADOL-C/examples/additional_examples/ext_diff_func       && sed -e '/# am--include-marker/d' Makefile         | make -f - am--depfiles
make: Nothing to be done for `am--depfiles'.
config.status:1570: $? = 0
config.status:1565: cd ADOL-C/examples/additional_examples/fixpoint_exam       && sed -e '/# am--include-marker/d' Makefile         | make -f - am--depfiles
make: Nothing to be done for `am--depfiles'.
config.status:1570: $? = 0
config.status:1565: cd ADOL-C/examples/additional_examples/hessmat       && sed -e '/# am--include-marker/d' Makefile         | make -f - am--depfiles
make: Nothing to be done for `am--depfiles'.
config.status:1570: $? = 0
config.status:1565: cd ADOL-C/examples/additional_examples/lie       && sed -e '/# am--include-marker/d' Makefile         | make -f - am--depfiles
make: Nothing to be done for `am--depfiles'.
config.status:1570: $? = 0
config.status:1565: cd ADOL-C/examples/additional_examples/lufact       && sed -e '/# am--include-marker/d' Makefile         | make -f - am--depfiles
make: Nothing to be done for `am--depfiles'.
config.status:1570: $? = 0
config.status:1565: cd ADOL-C/examples/additional_examples/openmp_exam       && sed -e '/# am--include-marker/d' Makefile         | make -f - am--depfiles
make: Nothing to be done for `am--depfiles'.
config.status:1570: $? = 0
config.status:1565: cd ADOL-C/examples/additional_examples/scal       && sed -e '/# am--include-marker/d' Makefile         | make -f - am--depfiles
make: Nothing to be done for `am--depfiles'.
config.status:1570: $? = 0
config.status:1565: cd ADOL-C/examples/additional_examples/speelpenning       && sed -e '/# am--include-marker/d' Makefile         | make -f - am--depfiles
make: Nothing to be done for `am--depfiles'.
config.status:1570: $? = 0
config.status:1565: cd ADOL-C/examples/additional_examples/taylor       && sed -e '/# am--include-marker/d' Makefile         | make -f - am--depfiles
make: Nothing to be done for `am--depfiles'.
config.status:1570: $? = 0
config.status:1565: cd ADOL-C/examples/additional_examples/detexam       && sed -e '/# am--include-marker/d' Makefile         | make -f - am--depfiles
make: Nothing to be done for `am--depfiles'.
config.status:1570: $? = 0
config.status:1565: cd ADOL-C/examples/additional_examples/helm       && sed -e '/# am--include-marker/d' Makefile         | make -f - am--depfiles
make: Nothing to be done for `am--depfiles'.
config.status:1570: $? = 0
config.status:1565: cd ADOL-C/examples/additional_examples/lighthouse       && sed -e '/# am--include-marker/d' Makefile         | make -f - am--depfiles
make: Nothing to be done for `am--depfiles'.
config.status:1570: $? = 0
config.status:1565: cd ADOL-C/examples/additional_examples/ode       && sed -e '/# am--include-marker/d' Makefile         | make -f - am--depfiles
make: Nothing to be done for `am--depfiles'.
config.status:1570: $? = 0
config.status:1565: cd ADOL-C/examples/additional_examples/sparse       && sed -e '/# am--include-marker/d' Makefile         | make -f - am--depfiles
make: Nothing to be done for `am--depfiles'.
config.status:1570: $? = 0
config.status:1565: cd ADOL-C/examples/additional_examples/tapesave       && sed -e '/# am--include-marker/d' Makefile         | make -f - am--depfiles
make: Nothing to be done for `am--depfiles'.
config.status:1570: $? = 0
config.status:1565: cd ADOL-C/examples/additional_examples/pow       && sed -e '/# am--include-marker/d' Makefile         | make -f - am--depfiles
make: Nothing to be done for `am--depfiles'.
config.status:1570: $? = 0
config.status:1565: cd ADOL-C/examples/additional_examples/timing       && sed -e '/# am--include-marker/d' Makefile         | make -f - am--depfiles
make: Nothing to be done for `am--depfiles'.
config.status:1570: $? = 0
config.status:1565: cd ADOL-C/examples/additional_examples/param       && sed -e '/# am--include-marker/d' Makefile         | make -f - am--depfiles
make: Nothing to be done for `am--depfiles'.
config.status:1570: $? = 0
config.status:1565: cd ADOL-C/test       && sed -e '/# am--include-marker/d' Makefile         | make -f - am--depfiles
make: Nothing to be done for `am--depfiles'.
config.status:1570: $? = 0
config.status:1488: executing libtool commands
configure:23041: Applying patches to libtool for GNU compiler

## ---------------- ##
## Cache variables. ##
## ---------------- ##

ac_cv_build=x86_64-apple-darwin21.5.0
ac_cv_c_compiler_gnu=yes
ac_cv_c_const=yes
ac_cv_c_inline=inline
ac_cv_cxx_compiler_gnu=yes
ac_cv_env_CCC_set=
ac_cv_env_CCC_value=
ac_cv_env_CC_set=
ac_cv_env_CC_value=
ac_cv_env_CFLAGS_set=
ac_cv_env_CFLAGS_value=
ac_cv_env_CPPFLAGS_set=
ac_cv_env_CPPFLAGS_value=
ac_cv_env_CPP_set=
ac_cv_env_CPP_value=
ac_cv_env_CXXCPP_set=
ac_cv_env_CXXCPP_value=
ac_cv_env_CXXFLAGS_set=
ac_cv_env_CXXFLAGS_value=
ac_cv_env_CXX_set=
ac_cv_env_CXX_value=
ac_cv_env_LDFLAGS_set=
ac_cv_env_LDFLAGS_value=
ac_cv_env_LIBS_set=
ac_cv_env_LIBS_value=
ac_cv_env_LT_SYS_LIBRARY_PATH_set=
ac_cv_env_LT_SYS_LIBRARY_PATH_value=
ac_cv_env_build_alias_set=
ac_cv_env_build_alias_value=
ac_cv_env_host_alias_set=
ac_cv_env_host_alias_value=
ac_cv_env_target_alias_set=
ac_cv_env_target_alias_value=
ac_cv_func_cbrt=yes
ac_cv_func_floor=yes
ac_cv_func_fmax=yes
ac_cv_func_fmin=yes
ac_cv_func_ftime=yes
ac_cv_func_malloc_0_nonnull=yes
ac_cv_func_pow=yes
ac_cv_func_realloc_0_nonnull=yes
ac_cv_func_sqrt=yes
ac_cv_func_strchr=yes
ac_cv_func_strtol=yes
ac_cv_func_trunc=yes
ac_cv_header_ColPack_ColPackHeaders_h=no
ac_cv_header_dlfcn_h=yes
ac_cv_header_inttypes_h=yes
ac_cv_header_stdbool_h=yes
ac_cv_header_stddef_h=yes
ac_cv_header_stdint_h=yes
ac_cv_header_stdio_h=yes
ac_cv_header_stdlib_h=yes
ac_cv_header_string_h=yes
ac_cv_header_strings_h=yes
ac_cv_header_sys_stat_h=yes
ac_cv_header_sys_time_h=yes
ac_cv_header_sys_timeb_h=yes
ac_cv_header_sys_types_h=yes
ac_cv_header_unistd_h=yes
ac_cv_host=x86_64-apple-darwin21.5.0
ac_cv_lib_dl_dlopen=yes
ac_cv_objext=o
ac_cv_path_EGREP='/usr/bin/grep -E'
ac_cv_path_FGREP='/usr/bin/grep -F'
ac_cv_path_GREP=/usr/bin/grep
ac_cv_path_SED=/usr/bin/sed
ac_cv_path_install='/usr/local/bin/ginstall -c'
ac_cv_path_lt_DD=/bin/dd
ac_cv_path_mkdir=/usr/local/bin/gmkdir
ac_cv_prog_AWK=awk
ac_cv_prog_CPP='gcc -E'
ac_cv_prog_CXXCPP='g++ -E'
ac_cv_prog_ac_ct_AR=ar
ac_cv_prog_ac_ct_CC=gcc
ac_cv_prog_ac_ct_CXX=g++
ac_cv_prog_ac_ct_DSYMUTIL=dsymutil
ac_cv_prog_ac_ct_FILECMD=file
ac_cv_prog_ac_ct_LIPO=lipo
ac_cv_prog_ac_ct_NMEDIT=nmedit
ac_cv_prog_ac_ct_OBJDUMP=objdump
ac_cv_prog_ac_ct_OTOOL=otool
ac_cv_prog_ac_ct_RANLIB=ranlib
ac_cv_prog_ac_ct_STRIP=strip
ac_cv_prog_cc_c11=
ac_cv_prog_cc_g=yes
ac_cv_prog_cc_gcc_c_o=yes
ac_cv_prog_cc_stdc=
ac_cv_prog_cxx_11=no
ac_cv_prog_cxx_g=yes
ac_cv_prog_cxx_stdcxx=
ac_cv_prog_make_make_set=yes
ac_cv_search_pow='none required'
ac_cv_sizeof_void_p=8
ac_cv_struct_tm=time.h
ac_cv_type__Bool=yes
ac_cv_type_size_t=yes
am_cv_CC_dependencies_compiler_type=gcc3
am_cv_CXX_dependencies_compiler_type=gcc3
am_cv_make_support_nested_variables=yes
am_cv_prog_cc_c_o=yes
ax_cv_cxx_compile_cxx11=no
ax_cv_cxx_compile_cxx11__std_cpp11=yes
lt_cv_apple_cc_single_mod=yes
lt_cv_ar_at_file=no
lt_cv_deplibs_check_method=pass_all
lt_cv_dlopen=dlopen
lt_cv_dlopen_libs=-ldl
lt_cv_dlopen_self=yes
lt_cv_dlopen_self_static=yes
lt_cv_file_magic_cmd='$MAGIC_CMD'
lt_cv_file_magic_test_file=
lt_cv_ld_exported_symbols_list=yes
lt_cv_ld_force_load=yes
lt_cv_ld_reload_flag=-r
lt_cv_nm_interface='BSD nm'
lt_cv_objdir=.libs
lt_cv_path_LD=/Applications/Xcode.app/Contents/Developer/Toolchains/XcodeDefault.xctoolchain/usr/bin/ld
lt_cv_path_LDCXX=/Applications/Xcode.app/Contents/Developer/Toolchains/XcodeDefault.xctoolchain/usr/bin/ld
lt_cv_path_NM='/usr/bin/nm -B'
lt_cv_path_mainfest_tool=no
lt_cv_prog_compiler_c_o=yes
lt_cv_prog_compiler_c_o_CXX=yes
lt_cv_prog_compiler_pic='-fno-common -DPIC'
lt_cv_prog_compiler_pic_CXX='-fno-common -DPIC'
lt_cv_prog_compiler_pic_works=yes
lt_cv_prog_compiler_pic_works_CXX=yes
lt_cv_prog_compiler_rtti_exceptions=yes
lt_cv_prog_compiler_static_works=no
lt_cv_prog_compiler_static_works_CXX=no
lt_cv_prog_gnu_ld=no
lt_cv_prog_gnu_ldcxx=no
lt_cv_sharedlib_from_linklib_cmd='printf %s\n'
lt_cv_sys_global_symbol_pipe='/usr/bin/sed -n -e '\''s/^.*[	 ]\([ABCDGIRSTW][ABCDGIRSTW]*\)[	 ][	 ]*_\([_A-Za-z][_A-Za-z0-9]*\)$/\1 _\2 \2/p'\'' | /usr/bin/sed '\''/ __gnu_lto/d'\'''
lt_cv_sys_global_symbol_to_c_name_address='/usr/bin/sed -n -e '\''s/^: \(.*\) .*$/  {"\1", (void *) 0},/p'\'' -e '\''s/^[ABCDGIRSTW][ABCDGIRSTW]* .* \(.*\)$/  {"\1", (void *) \&\1},/p'\'''
lt_cv_sys_global_symbol_to_c_name_address_lib_prefix='/usr/bin/sed -n -e '\''s/^: \(.*\) .*$/  {"\1", (void *) 0},/p'\'' -e '\''s/^[ABCDGIRSTW][ABCDGIRSTW]* .* \(lib.*\)$/  {"\1", (void *) \&\1},/p'\'' -e '\''s/^[ABCDGIRSTW][ABCDGIRSTW]* .* \(.*\)$/  {"lib\1", (void *) \&\1},/p'\'''
lt_cv_sys_global_symbol_to_cdecl='/usr/bin/sed -n -e '\''s/^T .* \(.*\)$/extern int \1();/p'\'' -e '\''s/^[ABCDGIRSTW][ABCDGIRSTW]* .* \(.*\)$/extern char \1;/p'\'''
lt_cv_sys_global_symbol_to_import=
lt_cv_sys_max_cmd_len=786432
lt_cv_to_host_file_cmd=func_convert_file_noop
lt_cv_to_tool_file_cmd=func_convert_file_noop
lt_cv_truncate_bin='/bin/dd bs=4096 count=1'

## ----------------- ##
## Output variables. ##
## ----------------- ##

ACLOCAL='${SHELL} '\''/Users/elvinzhu/Documents/Grad Courses/CSCI-520-Computer-Animation/starter/adolc/sourceCode/autoconf/missing'\'' aclocal-1.16'
ADDEXA_FALSE=''
ADDEXA_TRUE='#'
ADOLC_PATCHLEVEL='0'
ADOLC_SUBVERSION='7'
ADOLC_VERSION='2'
ADTL_REFCNT='#undef USE_ADTL_REFCOUNTING'
ADVBRANCH='#undef ADOLC_ADVANCED_BRANCHING'
AMDEPBACKSLASH='\'
AMDEP_FALSE='#'
AMDEP_TRUE=''
AMTAR='$${TAR-tar}'
AM_BACKSLASH='\'
AM_DEFAULT_V='$(AM_DEFAULT_VERBOSITY)'
AM_DEFAULT_VERBOSITY='0'
AM_V='$(V)'
AR='ar'
AS='as'
ATRIG_ERF='#undef ATRIG_ERF'
AUTOCONF='${SHELL} '\''/Users/elvinzhu/Documents/Grad Courses/CSCI-520-Computer-Animation/starter/adolc/sourceCode/autoconf/missing'\'' autoconf'
AUTOHEADER='${SHELL} '\''/Users/elvinzhu/Documents/Grad Courses/CSCI-520-Computer-Animation/starter/adolc/sourceCode/autoconf/missing'\'' autoheader'
AUTOMAKE='${SHELL} '\''/Users/elvinzhu/Documents/Grad Courses/CSCI-520-Computer-Animation/starter/adolc/sourceCode/autoconf/missing'\'' automake-1.16'
AWK='awk'
BOOST_CPPFLAGS='-I/include/boost-0'
BOOST_LDFLAGS='-L/lib64'
BOOST_SYSTEM_LIB=''
BUILD_ADOLC_AMPI_SUPPORT_FALSE=''
BUILD_ADOLC_AMPI_SUPPORT_TRUE='#'
BUILD_ADOLC_MEDIPACK_SUPPORT_FALSE=''
BUILD_ADOLC_MEDIPACK_SUPPORT_TRUE='#'
CC='gcc'
CCDEPMODE='depmode=gcc3'
CFLAGS='-g -O2'
CPP='gcc -E'
CPPFLAGS=''
CSCOPE='cscope'
CTAGS='ctags'
CXX='g++'
CXXCPP='g++ -E'
CXXDEPMODE='depmode=gcc3'
CXXFLAGS='-g -O2 -std=c++11'
CYGPATH_W='echo'
DARWIN_FALSE=''
DARWIN_TRUE='#'
DEFS='-DHAVE_CONFIG_H'
DEPDIR='.deps'
DLLTOOL='false'
DOCEXA_FALSE=''
DOCEXA_TRUE='#'
DSYMUTIL='dsymutil'
DUMPBIN=''
ECHO_C='\c'
ECHO_N=''
ECHO_T=''
EGREP='/usr/bin/grep -E'
ETAGS='etags'
EXEEXT=''
FGREP='/usr/bin/grep -F'
FILECMD='file'
GREP='/usr/bin/grep'
HAVE_CXX11='1'
HAVE_LIBCOLPACK_FALSE=''
HAVE_LIBCOLPACK_TRUE='#'
INSTALL_DATA='${INSTALL} -m 644'
INSTALL_PROGRAM='${INSTALL}'
INSTALL_SCRIPT='${INSTALL}'
INSTALL_STRIP_PROGRAM='$(install_sh) -c -s'
LD='/Applications/Xcode.app/Contents/Developer/Toolchains/XcodeDefault.xctoolchain/usr/bin/ld'
LDFLAGS=''
LIBOBJS=''
LIBS=''
LIBTOOL='$(SHELL) $(top_builddir)/libtool'
LIPO='lipo'
LN_S='ln -s'
LTLIBOBJS=''
LT_SYS_LIBRARY_PATH=''
MAKEINFO='${SHELL} '\''/Users/elvinzhu/Documents/Grad Courses/CSCI-520-Computer-Animation/starter/adolc/sourceCode/autoconf/missing'\'' makeinfo'
MANIFEST_TOOL=':'
MKDIR_P='/usr/local/bin/gmkdir -p'
NM='/usr/bin/nm -B'
NMEDIT='nmedit'
OBJDUMP='objdump'
OBJEXT='o'
OTOOL64=':'
OTOOL='otool'
PACKAGE='adolc'
PACKAGE_BUGREPORT='adol-c@list.coin-or.org'
PACKAGE_NAME='adolc'
PACKAGE_STRING='adolc 2.7.0-trunk'
PACKAGE_TARNAME='adolc'
PACKAGE_URL=''
PACKAGE_VERSION='2.7.0-trunk'
PAREXA_FALSE=''
PAREXA_TRUE='#'
PATH_SEPARATOR=':'
RANLIB='ranlib'
REAL_TYPE='double'
SED='/usr/bin/sed'
SET_MAKE=''
SHELL='/bin/sh'
SPARSE_DRIVERS='#undef SPARSE_DRIVERS'
SPARSE_FALSE=''
SPARSE_TRUE='#'
STRIP='strip'
UINT_TYPE='uint32_t'
USE_BOOST_POOL='#define USE_BOOST_POOL 0'
VERSION='2.7.0-trunk'
_lib='lib64'
ac_adolc_cflags='-O2 '
ac_adolc_cxxflags='-O2 '
ac_aux_dir='./autoconf/'
ac_ct_AR='ar'
ac_ct_CC='gcc'
ac_ct_CXX='g++'
ac_ct_DUMPBIN=''
adolclib='adolc'
am__EXEEXT_FALSE=''
am__EXEEXT_TRUE='#'
am__fastdepCC_FALSE='#'
am__fastdepCC_TRUE=''
am__fastdepCXX_FALSE='#'
am__fastdepCXX_TRUE=''
am__include='include'
am__isrc=''
am__leading_dot='.'
am__nodep='_no'
am__quote=''
am__tar='$${TAR-tar} chof - "$$tardir"'
am__untar='$${TAR-tar} xf -'
bindir='${exec_prefix}/bin'
build='x86_64-apple-darwin21.5.0'
build_alias=''
build_cpu='x86_64'
build_os='darwin21.5.0'
build_vendor='apple'
datadir='${datarootdir}'
datarootdir='${prefix}/share'
docdir='${datarootdir}/doc/${PACKAGE_TARNAME}'
dvidir='${docdir}'
exec_prefix='${prefix}'
host='x86_64-apple-darwin21.5.0'
host_alias=''
host_cpu='x86_64'
host_os='darwin21.5.0'
host_vendor='apple'
htmldir='${docdir}'
includedir='${prefix}/include'
infodir='${datarootdir}/info'
install_sh='${SHELL} '\''/Users/elvinzhu/Documents/Grad Courses/CSCI-520-Computer-Animation/starter/adolc/sourceCode/autoconf/install-sh'\'''
libdir='${exec_prefix}/lib64'
libexecdir='${exec_prefix}/libexec'
localedir='${datarootdir}/locale'
localstatedir='${prefix}/var'
mandir='${datarootdir}/man'
mkdir_p='$(MKDIR_P)'
oldincludedir='/usr/include'
pdfdir='${docdir}'
prefix='/Users/elvinzhu/adolc_base'
program_transform_name='s,x,x,'
psdir='${docdir}'
runstatedir='${localstatedir}/run'
saveCC='gcc'
saveCXX='g++'
sbindir='${exec_prefix}/sbin'
sharedstatedir='${prefix}/com'
sysconfdir='${prefix}/etc'
target_alias=''

## ----------- ##
## confdefs.h. ##
## ----------- ##

/* confdefs.h */
#define PACKAGE_NAME "adolc"
#define PACKAGE_TARNAME "adolc"
#define PACKAGE_VERSION "2.7.0-trunk"
#define PACKAGE_STRING "adolc 2.7.0-trunk"
#define PACKAGE_BUGREPORT "adol-c@list.coin-or.org"
#define PACKAGE_URL ""
#define PACKAGE "adolc"
#define VERSION "2.7.0-trunk"
#define HAVE_CXX11 1
#define HAVE_STDIO_H 1
#define HAVE_STDLIB_H 1
#define HAVE_STRING_H 1
#define HAVE_INTTYPES_H 1
#define HAVE_STDINT_H 1
#define HAVE_STRINGS_H 1
#define HAVE_SYS_STAT_H 1
#define HAVE_SYS_TYPES_H 1
#define HAVE_UNISTD_H 1
#define HAVE_SYS_TIME_H 1
#define STDC_HEADERS 1
#define HAVE_DLFCN_H 1
#define LT_OBJDIR ".libs/"
#define SIZEOF_VOID_P 8
#define HAVE_BUILTIN_EXPECT 1
#define TIME_WITH_SYS_TIME 1
#define HAVE__BOOL 1
#define HAVE_STDBOOL_H 1
#define HAVE_STDDEF_H 1
#define HAVE_STDLIB_H 1
#define HAVE_STDIO_H 1
#define HAVE_STRING_H 1
#define HAVE_UNISTD_H 1
#define HAVE_SYS_TIMEB_H 1
#define HAVE_FLOOR 1
#define HAVE_FMAX 1
#define HAVE_FMIN 1
#define HAVE_FTIME 1
#define HAVE_POW 1
#define HAVE_SQRT 1
#define HAVE_CBRT 1
#define HAVE_STRCHR 1
#define HAVE_STRTOL 1
#define HAVE_TRUNC 1
#define ADOLC_VERSION 2
#define ADOLC_SUBVERSION 7
#define ADOLC_PATCHLEVEL 0
#define HAVE_MALLOC 1
#define HAVE_REALLOC 1
#define ADOLC_USE_CALLOC 1
#define ADOLC_ADOUBLE_STDCZERO 1
#define ADOLC_TAPE_DOC_VALUES 1

configure: exit 0

## ---------------------- ##
## Running config.status. ##
## ---------------------- ##

This file was extended by adolc config.status 2.7.0-trunk, which was
generated by GNU Autoconf 2.71.  Invocation command line was

  CONFIG_FILES    = 
  CONFIG_HEADERS  = 
  CONFIG_LINKS    = 
  CONFIG_COMMANDS = 
  $ ./config.status adolclib.pc

on HAOYUNZHU-MB0

config.status:1259: creating adolclib.pc

## ---------------------- ##
## Running config.status. ##
## ---------------------- ##

This file was extended by adolc config.status 2.7.0-trunk, which was
generated by GNU Autoconf 2.71.  Invocation command line was

  CONFIG_FILES    = 
  CONFIG_HEADERS  = 
  CONFIG_LINKS    = 
  CONFIG_COMMANDS = 
  $ ./config.status adolclib.pc

on HAOYUNZHU-MB0

config.status:1259: creating adolclib.pc
